Case8_Dictionary_SQLite/app/build/intermediates/manifest_merge_blame_file/debug/manifest-merger-blame-debug-report.txt
1<?xml version="1.0" encoding="utf-8"?>
2<manifest xmlns:android="http://schemas.android.com/apk/res/android"
3    package="com.case8dictionary.dict"
4    android:versionCode="1"
5    android:versionName="1.0" >
6
7    <uses-sdk
8        android:minSdkVersion="23"
8-->src\main\AndroidManifest.xml
9        android:targetSdkVersion="30" />
9-->src\main\AndroidManifest.xml
10
11    <uses-permission android:name="android.permission.WRITE_EXTERNAL_STORAGE" />
11-->src\main\AndroidManifest.xml:6:5-80
11-->src\main\AndroidManifest.xml:6:22-78
12
13    <application
13-->src\main\AndroidManifest.xml:7:5-15:19
14        android:debuggable="true"
15        android:extractNativeLibs="false"
16        android:icon="@drawable/ic_launcher"
16-->src\main\AndroidManifest.xml:7:18-54
17        android:label="@string/app_name"
17-->src\main\AndroidManifest.xml:7:55-87
18        android:testOnly="true" >
19        <activity
19-->src\main\AndroidManifest.xml:8:9-14:20
20            android:name="com.hypech.case6dictionary.Dictionary"
20-->src\main\AndroidManifest.xml:8:19-71
21            android:label="@string/app_name" >
21-->src\main\AndroidManifest.xml:9:13-45
22            <intent-filter>
22-->src\main\AndroidManifest.xml:10:13-13:29
23                <action android:name="android.intent.action.MAIN" />
23-->src\main\AndroidManifest.xml:11:17-69
23-->src\main\AndroidManifest.xml:11:25-66
24
25                <category android:name="android.intent.category.LAUNCHER" />
25-->src\main\AndroidManifest.xml:12:17-77
25-->src\main\AndroidManifest.xml:12:27-74
26            </intent-filter>
27        </activity>
28    </application>
29
30</manifest>